2025-09-05 12:20:33,895 - INFO - 钉钉消息发送成功
2025-09-05 12:27:59,959 - INFO - 启动连续监控，每 5 分钟检查一次
2025-09-05 12:27:59,960 - INFO - 开始执行五分钟话术监控...
2025-09-05 12:27:59,974 - INFO - 获取到 69 条最近5分钟的话术记录
2025-09-05 12:28:18,250 - INFO - HTTP Request: POST https://ark.cn-beijing.volces.com/api/v3/chat/completions "HTTP/1.1 200 OK"
2025-09-05 12:28:18,250 - INFO - 监控结果 - 警报级别: normal
2025-09-05 12:28:18,252 - INFO - 关键词检测到闲聊: 3 条
2025-09-05 12:28:18,252 - INFO - AI分析闲聊比例: 1.00%
2025-09-05 12:28:18,427 - INFO - 钉钉消息发送成功
2025-09-05 12:28:18,430 - INFO - 正常监控状态已通知到钉钉
2025-09-05 12:33:18,452 - INFO - 开始执行五分钟话术监控...
2025-09-05 12:33:18,472 - INFO - 获取到 100 条最近5分钟的话术记录
2025-09-05 12:33:32,250 - INFO - HTTP Request: POST https://ark.cn-beijing.volces.com/api/v3/chat/completions "HTTP/1.1 200 OK"
2025-09-05 12:33:32,252 - INFO - 监控结果 - 警报级别: normal
2025-09-05 12:33:32,254 - INFO - 关键词检测到闲聊: 2 条
2025-09-05 12:33:32,254 - INFO - AI分析闲聊比例: 0.00%
2025-09-05 12:33:32,416 - INFO - 钉钉消息发送成功
2025-09-05 12:33:32,417 - INFO - 正常监控状态已通知到钉钉
2025-09-05 12:38:32,439 - INFO - 开始执行五分钟话术监控...
2025-09-05 12:38:32,457 - INFO - 获取到 100 条最近5分钟的话术记录
2025-09-05 12:38:47,315 - INFO - HTTP Request: POST https://ark.cn-beijing.volces.com/api/v3/chat/completions "HTTP/1.1 200 OK"
2025-09-05 12:38:47,317 - INFO - 监控结果 - 警报级别: normal
2025-09-05 12:38:47,317 - INFO - 关键词检测到闲聊: 0 条
2025-09-05 12:38:47,317 - INFO - AI分析闲聊比例: 0.00%
2025-09-05 12:38:47,478 - INFO - 钉钉消息发送成功
2025-09-05 12:38:47,481 - INFO - 正常监控状态已通知到钉钉
2025-09-05 12:43:45,081 - INFO - 监控已停止
2025-09-05 14:06:34,412 - INFO - HTTP Request: POST https://ark.cn-beijing.volces.com/api/v3/chat/completions "HTTP/1.1 200 OK"
2025-09-05 14:07:00,096 - INFO - HTTP Request: POST https://ark.cn-beijing.volces.com/api/v3/chat/completions "HTTP/1.1 200 OK"
2025-09-05 14:07:24,449 - INFO - HTTP Request: POST https://ark.cn-beijing.volces.com/api/v3/chat/completions "HTTP/1.1 200 OK"
2025-09-05 14:07:46,955 - INFO - HTTP Request: POST https://ark.cn-beijing.volces.com/api/v3/chat/completions "HTTP/1.1 200 OK"
2025-09-05 14:07:46,959 - INFO - 监控报告已保存: D:\Text\conclusion\five_minute_monitor_20250905_140746.json
2025-09-05 14:07:47,160 - INFO - 钉钉消息发送成功
2025-09-05 14:09:51,075 - INFO - 启动连续监控，每 5 分钟检查一次
2025-09-05 14:09:51,077 - INFO - 开始执行五分钟话术监控...
2025-09-05 14:09:51,077 - INFO - 最近5分钟内没有话术数据
2025-09-05 14:14:18,519 - INFO - 启动连续监控，每 5 分钟检查一次
2025-09-05 14:14:18,519 - INFO - 开始执行五分钟话术监控...
2025-09-05 14:14:18,519 - INFO - 获取最近5分钟的话术数据，时间范围：2025-09-05 14:09:18 到 2025-09-05 14:14:18
2025-09-05 14:14:18,521 - INFO - 找到话术文件：['transcripts_JSON_实时_2025-09-05_14.json']
2025-09-05 14:14:18,524 - INFO - 从文件 transcripts_JSON_实时_2025-09-05_14.json 获取到 63 条符合时间范围的话术
2025-09-05 14:14:18,524 - INFO - 总共获取到 63 条最近5分钟的话术记录
2025-09-05 14:14:18,524 - INFO - 获取到 63 条最近5分钟的话术记录
2025-09-05 14:14:39,043 - INFO - HTTP Request: POST https://ark.cn-beijing.volces.com/api/v3/chat/completions "HTTP/1.1 200 OK"
2025-09-05 14:14:39,046 - INFO - 监控结果 - 警报级别: high
2025-09-05 14:14:39,046 - INFO - 关键词检测到闲聊: 0 条
2025-09-05 14:14:39,046 - INFO - AI分析闲聊比例: 0.00%
2025-09-05 14:14:39,211 - INFO - 钉钉消息发送成功
2025-09-05 14:14:39,214 - INFO - 监控报告已保存: D:\Text\conclusion\five_minute_monitor_20250905_141439.json
2025-09-05 14:14:39,214 - WARNING - 检测到异常闲聊行为，详细报告已保存
2025-09-05 14:19:39,237 - INFO - 开始执行五分钟话术监控...
2025-09-05 14:19:39,238 - INFO - 获取最近5分钟的话术数据，时间范围：2025-09-05 14:14:39 到 2025-09-05 14:19:39
2025-09-05 14:19:39,239 - INFO - 找到话术文件：['transcripts_JSON_实时_2025-09-05_14.json']
2025-09-05 14:19:39,241 - INFO - 从文件 transcripts_JSON_实时_2025-09-05_14.json 获取到 0 条符合时间范围的话术
2025-09-05 14:19:39,241 - INFO - 总共获取到 0 条最近5分钟的话术记录
2025-09-05 14:19:39,241 - WARNING - 最近5分钟内没有话术数据
2025-09-05 14:19:39,241 - INFO - 当前时间：2025-09-05 14:19:39
2025-09-05 14:19:39,241 - INFO - 查找时间范围：2025-09-05 14:14:39 - 2025-09-05 14:19:39
2025-09-05 14:19:39,242 - INFO - 最近5分钟内没有话术数据
2025-09-05 14:24:39,263 - INFO - 开始执行五分钟话术监控...
2025-09-05 14:24:39,263 - INFO - 获取最近5分钟的话术数据，时间范围：2025-09-05 14:19:39 到 2025-09-05 14:24:39
2025-09-05 14:24:39,265 - INFO - 找到话术文件：['transcripts_JSON_实时_2025-09-05_14.json']
2025-09-05 14:24:39,267 - INFO - 从文件 transcripts_JSON_实时_2025-09-05_14.json 获取到 12 条符合时间范围的话术
2025-09-05 14:24:39,267 - INFO - 总共获取到 12 条最近5分钟的话术记录
2025-09-05 14:24:39,267 - INFO - 获取到 12 条最近5分钟的话术记录
2025-09-05 14:24:56,131 - INFO - HTTP Request: POST https://ark.cn-beijing.volces.com/api/v3/chat/completions "HTTP/1.1 200 OK"
2025-09-05 14:24:56,132 - INFO - 监控结果 - 警报级别: normal
2025-09-05 14:24:56,134 - INFO - 关键词检测到闲聊: 0 条
2025-09-05 14:24:56,134 - INFO - AI分析闲聊比例: 0.00%
2025-09-05 14:24:56,332 - INFO - 钉钉消息发送成功
2025-09-05 14:24:56,335 - INFO - 正常监控状态已通知到钉钉
2025-09-05 14:29:56,355 - INFO - 开始执行五分钟话术监控...
2025-09-05 14:29:56,357 - INFO - 获取最近5分钟的话术数据，时间范围：2025-09-05 14:24:56 到 2025-09-05 14:29:56
2025-09-05 14:29:56,358 - INFO - 找到话术文件：['transcripts_JSON_实时_2025-09-05_14.json']
2025-09-05 14:29:56,361 - INFO - 从文件 transcripts_JSON_实时_2025-09-05_14.json 获取到 100 条符合时间范围的话术
2025-09-05 14:29:56,361 - INFO - 总共获取到 100 条最近5分钟的话术记录
2025-09-05 14:29:56,362 - INFO - 获取到 100 条最近5分钟的话术记录
2025-09-05 14:30:13,065 - INFO - HTTP Request: POST https://ark.cn-beijing.volces.com/api/v3/chat/completions "HTTP/1.1 200 OK"
2025-09-05 14:30:13,065 - INFO - 监控结果 - 警报级别: normal
2025-09-05 14:30:13,065 - INFO - 关键词检测到闲聊: 4 条
2025-09-05 14:30:13,065 - INFO - AI分析闲聊比例: 0.00%
2025-09-05 14:30:13,237 - INFO - 钉钉消息发送成功
2025-09-05 14:30:13,239 - INFO - 正常监控状态已通知到钉钉
2025-09-05 14:35:13,259 - INFO - 开始执行五分钟话术监控...
2025-09-05 14:35:13,259 - INFO - 获取最近5分钟的话术数据，时间范围：2025-09-05 14:30:13 到 2025-09-05 14:35:13
2025-09-05 14:35:13,259 - INFO - 找到话术文件：['transcripts_JSON_实时_2025-09-05_14.json']
2025-09-05 14:35:13,261 - INFO - 从文件 transcripts_JSON_实时_2025-09-05_14.json 获取到 99 条符合时间范围的话术
2025-09-05 14:35:13,261 - INFO - 总共获取到 99 条最近5分钟的话术记录
2025-09-05 14:35:13,261 - INFO - 获取到 99 条最近5分钟的话术记录
2025-09-05 14:35:28,203 - INFO - HTTP Request: POST https://ark.cn-beijing.volces.com/api/v3/chat/completions "HTTP/1.1 200 OK"
2025-09-05 14:35:28,203 - INFO - 监控结果 - 警报级别: normal
2025-09-05 14:35:28,203 - INFO - 关键词检测到闲聊: 7 条
2025-09-05 14:35:28,203 - INFO - AI分析闲聊比例: 0.00%
2025-09-05 14:35:28,368 - INFO - 钉钉消息发送成功
2025-09-05 14:35:28,369 - INFO - 正常监控状态已通知到钉钉
2025-09-05 14:40:28,389 - INFO - 开始执行五分钟话术监控...
2025-09-05 14:40:28,389 - INFO - 获取最近5分钟的话术数据，时间范围：2025-09-05 14:35:28 到 2025-09-05 14:40:28
2025-09-05 14:40:28,389 - INFO - 找到话术文件：['transcripts_JSON_实时_2025-09-05_14.json']
2025-09-05 14:40:28,392 - INFO - 从文件 transcripts_JSON_实时_2025-09-05_14.json 获取到 100 条符合时间范围的话术
2025-09-05 14:40:28,392 - INFO - 总共获取到 100 条最近5分钟的话术记录
2025-09-05 14:40:28,392 - INFO - 获取到 100 条最近5分钟的话术记录
2025-09-05 14:40:44,119 - INFO - HTTP Request: POST https://ark.cn-beijing.volces.com/api/v3/chat/completions "HTTP/1.1 200 OK"
2025-09-05 14:40:44,119 - INFO - 监控结果 - 警报级别: normal
2025-09-05 14:40:44,120 - INFO - 关键词检测到闲聊: 3 条
2025-09-05 14:40:44,120 - INFO - AI分析闲聊比例: 0.00%
2025-09-05 14:40:44,282 - INFO - 钉钉消息发送成功
2025-09-05 14:40:44,285 - INFO - 正常监控状态已通知到钉钉
2025-09-05 14:45:44,307 - INFO - 开始执行五分钟话术监控...
2025-09-05 14:45:44,307 - INFO - 获取最近5分钟的话术数据，时间范围：2025-09-05 14:40:44 到 2025-09-05 14:45:44
2025-09-05 14:45:44,307 - INFO - 找到话术文件：['transcripts_JSON_实时_2025-09-05_14.json']
2025-09-05 14:45:44,310 - INFO - 从文件 transcripts_JSON_实时_2025-09-05_14.json 获取到 96 条符合时间范围的话术
2025-09-05 14:45:44,310 - INFO - 总共获取到 96 条最近5分钟的话术记录
2025-09-05 14:45:44,311 - INFO - 获取到 96 条最近5分钟的话术记录
2025-09-05 14:46:01,200 - INFO - HTTP Request: POST https://ark.cn-beijing.volces.com/api/v3/chat/completions "HTTP/1.1 200 OK"
2025-09-05 14:46:01,200 - INFO - 监控结果 - 警报级别: medium
2025-09-05 14:46:01,200 - INFO - 关键词检测到闲聊: 4 条
2025-09-05 14:46:01,200 - INFO - AI分析闲聊比例: 0.00%
2025-09-05 14:46:01,354 - INFO - 钉钉消息发送成功
2025-09-05 14:46:01,356 - INFO - 监控报告已保存: D:\Text\conclusion\five_minute_monitor_20250905_144601.json
2025-09-05 14:46:01,356 - WARNING - 检测到异常闲聊行为，详细报告已保存
2025-09-05 14:51:01,378 - INFO - 开始执行五分钟话术监控...
2025-09-05 14:51:01,378 - INFO - 获取最近5分钟的话术数据，时间范围：2025-09-05 14:46:01 到 2025-09-05 14:51:01
2025-09-05 14:51:01,379 - INFO - 找到话术文件：['transcripts_JSON_实时_2025-09-05_14.json']
2025-09-05 14:51:01,388 - INFO - 从文件 transcripts_JSON_实时_2025-09-05_14.json 获取到 100 条符合时间范围的话术
2025-09-05 14:51:01,388 - INFO - 总共获取到 100 条最近5分钟的话术记录
2025-09-05 14:51:01,388 - INFO - 获取到 100 条最近5分钟的话术记录
2025-09-05 14:51:24,661 - INFO - HTTP Request: POST https://ark.cn-beijing.volces.com/api/v3/chat/completions "HTTP/1.1 200 OK"
2025-09-05 14:51:24,661 - INFO - 监控结果 - 警报级别: normal
2025-09-05 14:51:24,661 - INFO - 关键词检测到闲聊: 2 条
2025-09-05 14:51:24,661 - INFO - AI分析闲聊比例: 0.00%
2025-09-05 14:51:24,803 - INFO - 钉钉消息发送成功
2025-09-05 14:51:24,804 - INFO - 正常监控状态已通知到钉钉
2025-09-05 14:56:24,826 - INFO - 开始执行五分钟话术监控...
2025-09-05 14:56:24,827 - INFO - 获取最近5分钟的话术数据，时间范围：2025-09-05 14:51:24 到 2025-09-05 14:56:24
2025-09-05 14:56:24,829 - INFO - 找到话术文件：['transcripts_JSON_实时_2025-09-05_14.json']
2025-09-05 14:56:24,835 - INFO - 从文件 transcripts_JSON_实时_2025-09-05_14.json 获取到 100 条符合时间范围的话术
2025-09-05 14:56:24,835 - INFO - 总共获取到 100 条最近5分钟的话术记录
2025-09-05 14:56:24,835 - INFO - 获取到 100 条最近5分钟的话术记录
2025-09-05 14:56:51,889 - INFO - HTTP Request: POST https://ark.cn-beijing.volces.com/api/v3/chat/completions "HTTP/1.1 200 OK"
2025-09-05 14:56:51,890 - INFO - 监控结果 - 警报级别: normal
2025-09-05 14:56:51,890 - INFO - 关键词检测到闲聊: 2 条
2025-09-05 14:56:51,890 - INFO - AI分析闲聊比例: 0.00%
2025-09-05 14:56:52,043 - INFO - 钉钉消息发送成功
2025-09-05 14:56:52,043 - INFO - 正常监控状态已通知到钉钉
2025-09-05 15:01:52,064 - INFO - 开始执行五分钟话术监控...
2025-09-05 15:01:52,065 - INFO - 获取最近5分钟的话术数据，时间范围：2025-09-05 14:56:52 到 2025-09-05 15:01:52
2025-09-05 15:01:52,065 - INFO - 找到话术文件：['transcripts_JSON_实时_2025-09-05_14.json', 'transcripts_JSON_实时_2025-09-05_15.json']
2025-09-05 15:01:52,069 - INFO - 从文件 transcripts_JSON_实时_2025-09-05_14.json 获取到 62 条符合时间范围的话术
2025-09-05 15:01:52,069 - INFO - 从文件 transcripts_JSON_实时_2025-09-05_15.json 获取到 37 条符合时间范围的话术
2025-09-05 15:01:52,070 - INFO - 总共获取到 99 条最近5分钟的话术记录
2025-09-05 15:01:52,070 - INFO - 获取到 99 条最近5分钟的话术记录
2025-09-05 15:02:10,653 - INFO - HTTP Request: POST https://ark.cn-beijing.volces.com/api/v3/chat/completions "HTTP/1.1 200 OK"
2025-09-05 15:02:10,654 - INFO - 监控结果 - 警报级别: normal
2025-09-05 15:02:10,654 - INFO - 关键词检测到闲聊: 8 条
2025-09-05 15:02:10,654 - INFO - AI分析闲聊比例: 0.00%
2025-09-05 15:02:10,821 - INFO - 钉钉消息发送成功
2025-09-05 15:02:10,823 - INFO - 正常监控状态已通知到钉钉
2025-09-05 15:07:10,843 - INFO - 开始执行五分钟话术监控...
2025-09-05 15:07:10,844 - INFO - 获取最近5分钟的话术数据，时间范围：2025-09-05 15:02:10 到 2025-09-05 15:07:10
2025-09-05 15:07:10,844 - INFO - 找到话术文件：['transcripts_JSON_实时_2025-09-05_14.json', 'transcripts_JSON_实时_2025-09-05_15.json']
2025-09-05 15:07:10,853 - INFO - 从文件 transcripts_JSON_实时_2025-09-05_14.json 获取到 0 条符合时间范围的话术
2025-09-05 15:07:10,859 - INFO - 从文件 transcripts_JSON_实时_2025-09-05_15.json 获取到 100 条符合时间范围的话术
2025-09-05 15:07:10,859 - INFO - 总共获取到 100 条最近5分钟的话术记录
2025-09-05 15:07:10,859 - INFO - 获取到 100 条最近5分钟的话术记录
2025-09-05 15:07:28,012 - INFO - HTTP Request: POST https://ark.cn-beijing.volces.com/api/v3/chat/completions "HTTP/1.1 200 OK"
2025-09-05 15:07:28,013 - INFO - 监控结果 - 警报级别: normal
2025-09-05 15:07:28,013 - INFO - 关键词检测到闲聊: 3 条
2025-09-05 15:07:28,013 - INFO - AI分析闲聊比例: 0.00%
2025-09-05 15:07:28,210 - INFO - 钉钉消息发送成功
2025-09-05 15:07:28,210 - INFO - 正常监控状态已通知到钉钉
2025-09-05 15:12:28,231 - INFO - 开始执行五分钟话术监控...
2025-09-05 15:12:28,231 - INFO - 获取最近5分钟的话术数据，时间范围：2025-09-05 15:07:28 到 2025-09-05 15:12:28
2025-09-05 15:12:28,231 - INFO - 找到话术文件：['transcripts_JSON_实时_2025-09-05_14.json', 'transcripts_JSON_实时_2025-09-05_15.json']
2025-09-05 15:12:28,236 - INFO - 从文件 transcripts_JSON_实时_2025-09-05_14.json 获取到 0 条符合时间范围的话术
2025-09-05 15:12:28,244 - INFO - 从文件 transcripts_JSON_实时_2025-09-05_15.json 获取到 99 条符合时间范围的话术
2025-09-05 15:12:28,244 - INFO - 总共获取到 99 条最近5分钟的话术记录
2025-09-05 15:12:28,244 - INFO - 获取到 99 条最近5分钟的话术记录
2025-09-05 15:12:44,625 - INFO - HTTP Request: POST https://ark.cn-beijing.volces.com/api/v3/chat/completions "HTTP/1.1 200 OK"
2025-09-05 15:12:44,626 - INFO - 监控结果 - 警报级别: medium
2025-09-05 15:12:44,626 - INFO - 关键词检测到闲聊: 11 条
2025-09-05 15:12:44,626 - INFO - AI分析闲聊比例: 0.00%
2025-09-05 15:12:45,015 - INFO - 钉钉消息发送成功
2025-09-05 15:12:45,016 - INFO - 监控报告已保存: D:\Text\conclusion\five_minute_monitor_20250905_151245.json
2025-09-05 15:12:45,016 - WARNING - 检测到异常闲聊行为，详细报告已保存
2025-09-05 15:17:45,038 - INFO - 开始执行五分钟话术监控...
2025-09-05 15:17:45,038 - INFO - 获取最近5分钟的话术数据，时间范围：2025-09-05 15:12:45 到 2025-09-05 15:17:45
2025-09-05 15:17:45,038 - INFO - 找到话术文件：['transcripts_JSON_实时_2025-09-05_14.json', 'transcripts_JSON_实时_2025-09-05_15.json']
2025-09-05 15:17:45,043 - INFO - 从文件 transcripts_JSON_实时_2025-09-05_14.json 获取到 0 条符合时间范围的话术
2025-09-05 15:17:45,053 - INFO - 从文件 transcripts_JSON_实时_2025-09-05_15.json 获取到 100 条符合时间范围的话术
2025-09-05 15:17:45,053 - INFO - 总共获取到 100 条最近5分钟的话术记录
2025-09-05 15:17:45,053 - INFO - 获取到 100 条最近5分钟的话术记录
2025-09-05 15:18:01,487 - INFO - HTTP Request: POST https://ark.cn-beijing.volces.com/api/v3/chat/completions "HTTP/1.1 200 OK"
2025-09-05 15:18:01,487 - INFO - 监控结果 - 警报级别: normal
2025-09-05 15:18:01,487 - INFO - 关键词检测到闲聊: 7 条
2025-09-05 15:18:01,487 - INFO - AI分析闲聊比例: 0.00%
2025-09-05 15:18:01,660 - INFO - 钉钉消息发送成功
2025-09-05 15:18:01,660 - INFO - 正常监控状态已通知到钉钉
2025-09-05 15:23:01,684 - INFO - 开始执行五分钟话术监控...
2025-09-05 15:23:01,684 - INFO - 获取最近5分钟的话术数据，时间范围：2025-09-05 15:18:01 到 2025-09-05 15:23:01
2025-09-05 15:23:01,684 - INFO - 找到话术文件：['transcripts_JSON_实时_2025-09-05_14.json', 'transcripts_JSON_实时_2025-09-05_15.json']
2025-09-05 15:23:01,688 - INFO - 从文件 transcripts_JSON_实时_2025-09-05_14.json 获取到 0 条符合时间范围的话术
2025-09-05 15:23:01,698 - INFO - 从文件 transcripts_JSON_实时_2025-09-05_15.json 获取到 100 条符合时间范围的话术
2025-09-05 15:23:01,699 - INFO - 总共获取到 100 条最近5分钟的话术记录
2025-09-05 15:23:01,699 - INFO - 获取到 100 条最近5分钟的话术记录
2025-09-05 15:23:22,403 - INFO - HTTP Request: POST https://ark.cn-beijing.volces.com/api/v3/chat/completions "HTTP/1.1 200 OK"
2025-09-05 15:23:22,405 - INFO - 监控结果 - 警报级别: normal
2025-09-05 15:23:22,405 - INFO - 关键词检测到闲聊: 4 条
2025-09-05 15:23:22,405 - INFO - AI分析闲聊比例: 0.00%
2025-09-05 15:23:22,558 - INFO - 钉钉消息发送成功
2025-09-05 15:23:22,560 - INFO - 正常监控状态已通知到钉钉
2025-09-05 15:28:22,582 - INFO - 开始执行五分钟话术监控...
2025-09-05 15:28:22,582 - INFO - 获取最近5分钟的话术数据，时间范围：2025-09-05 15:23:22 到 2025-09-05 15:28:22
2025-09-05 15:28:22,584 - INFO - 找到话术文件：['transcripts_JSON_实时_2025-09-05_14.json', 'transcripts_JSON_实时_2025-09-05_15.json']
2025-09-05 15:28:22,594 - INFO - 从文件 transcripts_JSON_实时_2025-09-05_14.json 获取到 0 条符合时间范围的话术
2025-09-05 15:28:22,608 - INFO - 从文件 transcripts_JSON_实时_2025-09-05_15.json 获取到 100 条符合时间范围的话术
2025-09-05 15:28:22,608 - INFO - 总共获取到 100 条最近5分钟的话术记录
2025-09-05 15:28:22,609 - INFO - 获取到 100 条最近5分钟的话术记录
2025-09-05 15:28:41,238 - INFO - HTTP Request: POST https://ark.cn-beijing.volces.com/api/v3/chat/completions "HTTP/1.1 200 OK"
2025-09-05 15:28:41,241 - INFO - 监控结果 - 警报级别: normal
2025-09-05 15:28:41,243 - INFO - 关键词检测到闲聊: 6 条
2025-09-05 15:28:41,243 - INFO - AI分析闲聊比例: 0.00%
2025-09-05 15:28:41,410 - INFO - 钉钉消息发送成功
2025-09-05 15:28:41,413 - INFO - 正常监控状态已通知到钉钉
2025-09-05 15:33:41,435 - INFO - 开始执行五分钟话术监控...
2025-09-05 15:33:41,435 - INFO - 获取最近5分钟的话术数据，时间范围：2025-09-05 15:28:41 到 2025-09-05 15:33:41
2025-09-05 15:33:41,436 - INFO - 找到话术文件：['transcripts_JSON_实时_2025-09-05_14.json', 'transcripts_JSON_实时_2025-09-05_15.json']
2025-09-05 15:33:41,442 - INFO - 从文件 transcripts_JSON_实时_2025-09-05_14.json 获取到 0 条符合时间范围的话术
2025-09-05 15:33:41,457 - INFO - 从文件 transcripts_JSON_实时_2025-09-05_15.json 获取到 100 条符合时间范围的话术
2025-09-05 15:33:41,457 - INFO - 总共获取到 100 条最近5分钟的话术记录
2025-09-05 15:33:41,457 - INFO - 获取到 100 条最近5分钟的话术记录
2025-09-05 15:33:58,174 - INFO - HTTP Request: POST https://ark.cn-beijing.volces.com/api/v3/chat/completions "HTTP/1.1 200 OK"
2025-09-05 15:33:58,174 - INFO - 监控结果 - 警报级别: normal
2025-09-05 15:33:58,174 - INFO - 关键词检测到闲聊: 9 条
2025-09-05 15:33:58,176 - INFO - AI分析闲聊比例: 0.00%
2025-09-05 15:33:58,367 - INFO - 钉钉消息发送成功
2025-09-05 15:33:58,368 - INFO - 正常监控状态已通知到钉钉
2025-09-05 15:38:58,390 - INFO - 开始执行五分钟话术监控...
2025-09-05 15:38:58,390 - INFO - 获取最近5分钟的话术数据，时间范围：2025-09-05 15:33:58 到 2025-09-05 15:38:58
2025-09-05 15:38:58,390 - INFO - 找到话术文件：['transcripts_JSON_实时_2025-09-05_14.json', 'transcripts_JSON_实时_2025-09-05_15.json']
2025-09-05 15:38:58,395 - INFO - 从文件 transcripts_JSON_实时_2025-09-05_14.json 获取到 0 条符合时间范围的话术
2025-09-05 15:38:58,400 - INFO - 从文件 transcripts_JSON_实时_2025-09-05_15.json 获取到 45 条符合时间范围的话术
2025-09-05 15:38:58,400 - INFO - 总共获取到 45 条最近5分钟的话术记录
2025-09-05 15:38:58,400 - INFO - 获取到 45 条最近5分钟的话术记录
2025-09-05 15:39:00,445 - INFO - Retrying request to /chat/completions in 0.408222 seconds
2025-09-05 15:39:02,866 - INFO - Retrying request to /chat/completions in 0.792218 seconds
2025-09-05 15:39:05,693 - ERROR - AI分析失败: Connection error.
2025-09-05 15:39:05,693 - INFO - 监控结果 - 警报级别: normal
2025-09-05 15:39:05,693 - INFO - 关键词检测到闲聊: 2 条
2025-09-05 15:39:07,740 - ERROR - 发送钉钉消息时发生错误: HTTPSConnectionPool(host='oapi.dingtalk.com', port=443): Max retries exceeded with url: /robot/send?access_token=b4b62aaed287b7ff8a0a7b1b483e938588605bb4c50ab42d1b8f1db92ff11a7a&timestamp=1757057945694&sign=GfouqEWuTl9LSHI8NkCYjLqgBK3PB8y8Hw2V0ZKJKGQ%3D (Caused by ProxyError('Unable to connect to proxy', NewConnectionError('<urllib3.connection.HTTPSConnection object at 0x000002682F7D8F90>: Failed to establish a new connection: [WinError 10061] 由于目标计算机积极拒绝，无法连接。')))
2025-09-05 15:39:07,740 - WARNING - 钉钉消息发送失败，但监控正常
